[0.062s] Invoking command in '/home/wjhln/Project/Learnning/Motion_Planning/CosineCurve/build/cosine_curve': CMAKE_PREFIX_PATH=${CMAKE_PREFIX_PATH}:/opt/ros/foxy /usr/local/bin/cmake --build /home/wjhln/Project/Learnning/Motion_Planning/CosineCurve/build/cosine_curve -- -j20 -l20
[0.073s] [35m[1mConsolidate compiler generated dependencies of target des_publish[0m
[0.078s] [100%] Built target des_publish
[0.081s] Invoked command in '/home/wjhln/Project/Learnning/Motion_Planning/CosineCurve/build/cosine_curve' returned '0': CMAKE_PREFIX_PATH=${CMAKE_PREFIX_PATH}:/opt/ros/foxy /usr/local/bin/cmake --build /home/wjhln/Project/Learnning/Motion_Planning/CosineCurve/build/cosine_curve -- -j20 -l20
[0.104s] Invoking command in '/home/wjhln/Project/Learnning/Motion_Planning/CosineCurve/build/cosine_curve': CMAKE_PREFIX_PATH=${CMAKE_PREFIX_PATH}:/opt/ros/foxy /usr/local/bin/cmake --install /home/wjhln/Project/Learnning/Motion_Planning/CosineCurve/build/cosine_curve
[0.108s] -- Install configuration: ""
[0.108s] -- Up-to-date: /home/wjhln/Project/Learnning/Motion_Planning/CosineCurve/install/cosine_curve/lib/cosine_curve/des_publish
[0.109s] -- Up-to-date: /home/wjhln/Project/Learnning/Motion_Planning/CosineCurve/install/cosine_curve/share/ament_index/resource_index/package_run_dependencies/cosine_curve
[0.109s] -- Up-to-date: /home/wjhln/Project/Learnning/Motion_Planning/CosineCurve/install/cosine_curve/share/ament_index/resource_index/parent_prefix_path/cosine_curve
[0.109s] -- Up-to-date: /home/wjhln/Project/Learnning/Motion_Planning/CosineCurve/install/cosine_curve/share/cosine_curve/environment/ament_prefix_path.sh
[0.109s] -- Up-to-date: /home/wjhln/Project/Learnning/Motion_Planning/CosineCurve/install/cosine_curve/share/cosine_curve/environment/ament_prefix_path.dsv
[0.109s] -- Up-to-date: /home/wjhln/Project/Learnning/Motion_Planning/CosineCurve/install/cosine_curve/share/cosine_curve/environment/path.sh
[0.109s] -- Up-to-date: /home/wjhln/Project/Learnning/Motion_Planning/CosineCurve/install/cosine_curve/share/cosine_curve/environment/path.dsv
[0.109s] -- Up-to-date: /home/wjhln/Project/Learnning/Motion_Planning/CosineCurve/install/cosine_curve/share/cosine_curve/local_setup.bash
[0.109s] -- Up-to-date: /home/wjhln/Project/Learnning/Motion_Planning/CosineCurve/install/cosine_curve/share/cosine_curve/local_setup.sh
[0.109s] -- Up-to-date: /home/wjhln/Project/Learnning/Motion_Planning/CosineCurve/install/cosine_curve/share/cosine_curve/local_setup.zsh
[0.110s] -- Up-to-date: /home/wjhln/Project/Learnning/Motion_Planning/CosineCurve/install/cosine_curve/share/cosine_curve/local_setup.dsv
[0.110s] -- Installing: /home/wjhln/Project/Learnning/Motion_Planning/CosineCurve/install/cosine_curve/share/cosine_curve/package.dsv
[0.110s] -- Up-to-date: /home/wjhln/Project/Learnning/Motion_Planning/CosineCurve/install/cosine_curve/share/ament_index/resource_index/packages/cosine_curve
[0.110s] -- Up-to-date: /home/wjhln/Project/Learnning/Motion_Planning/CosineCurve/install/cosine_curve/share/cosine_curve/cmake/cosine_curveConfig.cmake
[0.110s] -- Up-to-date: /home/wjhln/Project/Learnning/Motion_Planning/CosineCurve/install/cosine_curve/share/cosine_curve/cmake/cosine_curveConfig-version.cmake
[0.110s] -- Up-to-date: /home/wjhln/Project/Learnning/Motion_Planning/CosineCurve/install/cosine_curve/share/cosine_curve/package.xml
[0.112s] Invoked command in '/home/wjhln/Project/Learnning/Motion_Planning/CosineCurve/build/cosine_curve' returned '0': CMAKE_PREFIX_PATH=${CMAKE_PREFIX_PATH}:/opt/ros/foxy /usr/local/bin/cmake --install /home/wjhln/Project/Learnning/Motion_Planning/CosineCurve/build/cosine_curve
