[ 33%] [32mBuilding CXX object CMakeFiles/des_publish.dir/src/cosine_curve_generate.cpp.o[0m
[ 66%] [32m[1mLinking CXX executable des_publish[0m
[100%] Built target des_publish
-- Install configuration: ""
-- Installing: /home/wjhln/Project/Learnning/Motion_Planning/CosineCurve/install/cosine_curve/lib/cosine_curve/des_publish
-- Set runtime path of "/home/wjhln/Project/Learnning/Motion_Planning/CosineCurve/install/cosine_curve/lib/cosine_curve/des_publish" to ""
-- Up-to-date: /home/wjhln/Project/Learnning/Motion_Planning/CosineCurve/install/cosine_curve/share/ament_index/resource_index/package_run_dependencies/cosine_curve
-- Up-to-date: /home/wjhln/Project/Learnning/Motion_Planning/CosineCurve/install/cosine_curve/share/ament_index/resource_index/parent_prefix_path/cosine_curve
-- Up-to-date: /home/wjhln/Project/Learnning/Motion_Planning/CosineCurve/install/cosine_curve/share/cosine_curve/environment/ament_prefix_path.sh
-- Up-to-date: /home/wjhln/Project/Learnning/Motion_Planning/CosineCurve/install/cosine_curve/share/cosine_curve/environment/ament_prefix_path.dsv
-- Up-to-date: /home/wjhln/Project/Learnning/Motion_Planning/CosineCurve/install/cosine_curve/share/cosine_curve/environment/path.sh
-- Up-to-date: /home/wjhln/Project/Learnning/Motion_Planning/CosineCurve/install/cosine_curve/share/cosine_curve/environment/path.dsv
-- Up-to-date: /home/wjhln/Project/Learnning/Motion_Planning/CosineCurve/install/cosine_curve/share/cosine_curve/local_setup.bash
-- Up-to-date: /home/wjhln/Project/Learnning/Motion_Planning/CosineCurve/install/cosine_curve/share/cosine_curve/local_setup.sh
-- Up-to-date: /home/wjhln/Project/Learnning/Motion_Planning/CosineCurve/install/cosine_curve/share/cosine_curve/local_setup.zsh
-- Up-to-date: /home/wjhln/Project/Learnning/Motion_Planning/CosineCurve/install/cosine_curve/share/cosine_curve/local_setup.dsv
-- Installing: /home/wjhln/Project/Learnning/Motion_Planning/CosineCurve/install/cosine_curve/share/cosine_curve/package.dsv
-- Up-to-date: /home/wjhln/Project/Learnning/Motion_Planning/CosineCurve/install/cosine_curve/share/ament_index/resource_index/packages/cosine_curve
-- Up-to-date: /home/wjhln/Project/Learnning/Motion_Planning/CosineCurve/install/cosine_curve/share/cosine_curve/cmake/cosine_curveConfig.cmake
-- Up-to-date: /home/wjhln/Project/Learnning/Motion_Planning/CosineCurve/install/cosine_curve/share/cosine_curve/cmake/cosine_curveConfig-version.cmake
-- Up-to-date: /home/wjhln/Project/Learnning/Motion_Planning/CosineCurve/install/cosine_curve/share/cosine_curve/package.xml
