[0.812s] DEBUG:colcon:Command line arguments: ['/usr/bin/colcon', 'build']
[0.812s] DEBUG:colcon:Parsed command line arguments: Namespace(allow_overriding=[], ament_cmake_args=None, base_paths=['.'], build_base='build', catkin_cmake_args=None, catkin_skip_building_tests=False, cmake_args=None, cmake_clean_cache=False, cmake_clean_first=False, cmake_force_configure=False, cmake_target=None, cmake_target_skip_unavailable=False, continue_on_error=False, event_handlers=None, executor='parallel', ignore_user_meta=False, install_base='install', log_base=None, log_level=None, main=<bound method BuildVerb.main of <colcon_core.verb.build.BuildVerb object at 0x7f6009973bb0>>, merge_install=False, metas=['./colcon.meta'], packages_above=None, packages_above_and_dependencies=None, packages_above_depth=None, packages_end=None, packages_ignore=None, packages_ignore_regex=None, packages_select=None, packages_select_build_failed=False, packages_select_by_dep=None, packages_select_regex=None, packages_select_test_failures=False, packages_skip=None, packages_skip_build_finished=False, packages_skip_by_dep=None, packages_skip_regex=None, packages_skip_test_passed=False, packages_skip_up_to=None, packages_start=None, packages_up_to=None, packages_up_to_regex=None, parallel_workers=20, paths=None, symlink_install=False, test_result_base=None, verb_extension=<colcon_core.verb.build.BuildVerb object at 0x7f6009973bb0>, verb_name='build', verb_parser=<colcon_defaults.argument_parser.defaults.DefaultArgumentsDecorator object at 0x7f6009984100>)
[0.848s] Level 1:colcon.colcon_core.package_discovery:discover_packages(colcon_meta) check parameters
[0.848s] Level 1:colcon.colcon_core.package_discovery:discover_packages(recursive) check parameters
[0.848s] Level 1:colcon.colcon_core.package_discovery:discover_packages(ignore) check parameters
[0.848s] Level 1:colcon.colcon_core.package_discovery:discover_packages(path) check parameters
[0.848s] Level 1:colcon.colcon_core.package_discovery:discover_packages(colcon_meta) discover
[0.848s] Level 1:colcon.colcon_core.package_discovery:discover_packages(recursive) discover
[0.848s] INFO:colcon.colcon_core.package_discovery:Crawling recursively for packages in '/home/wjhln/Project/Learnning/Motion_Planning/CosineCurve'
[0.849s] Level 1:colcon.colcon_core.package_identification:_identify(.) by extensions ['ignore', 'ignore_ament_install']
[0.849s] Level 1:colcon.colcon_core.package_identification:_identify(.) by extension 'ignore'
[0.849s] Level 1:colcon.colcon_core.package_identification:_identify(.) by extension 'ignore_ament_install'
[0.849s] Level 1:colcon.colcon_core.package_identification:_identify(.) by extensions ['colcon_pkg']
[0.849s] Level 1:colcon.colcon_core.package_identification:_identify(.) by extension 'colcon_pkg'
[0.849s] Level 1:colcon.colcon_core.package_identification:_identify(.) by extensions ['colcon_meta']
[0.849s] Level 1:colcon.colcon_core.package_identification:_identify(.) by extension 'colcon_meta'
[0.849s] Level 1:colcon.colcon_core.package_identification:_identify(.) by extensions ['ros']
[0.849s] Level 1:colcon.colcon_core.package_identification:_identify(.) by extension 'ros'
[0.854s] Level 1:colcon.colcon_core.package_identification:_identify(.) by extensions ['cmake', 'python']
[0.854s] Level 1:colcon.colcon_core.package_identification:_identify(.) by extension 'cmake'
[0.854s] Level 1:colcon.colcon_core.package_identification:_identify(.) by extension 'python'
[0.854s] Level 1:colcon.colcon_core.package_identification:_identify(.) by extensions ['python_setup_py']
[0.854s] Level 1:colcon.colcon_core.package_identification:_identify(.) by extension 'python_setup_py'
[0.854s] Level 1:colcon.colcon_core.package_identification:_identify(build) by extensions ['ignore', 'ignore_ament_install']
[0.854s] Level 1:colcon.colcon_core.package_identification:_identify(build) by extension 'ignore'
[0.854s] Level 1:colcon.colcon_core.package_identification:_identify(build) ignored
[0.854s] Level 1:colcon.colcon_core.package_identification:_identify(install) by extensions ['ignore', 'ignore_ament_install']
[0.854s] Level 1:colcon.colcon_core.package_identification:_identify(install) by extension 'ignore'
[0.854s] Level 1:colcon.colcon_core.package_identification:_identify(install) ignored
[0.854s] Level 1:colcon.colcon_core.package_identification:_identify(log) by extensions ['ignore', 'ignore_ament_install']
[0.854s] Level 1:colcon.colcon_core.package_identification:_identify(log) by extension 'ignore'
[0.854s] Level 1:colcon.colcon_core.package_identification:_identify(log) ignored
[0.854s] Level 1:colcon.colcon_core.package_identification:_identify(src) by extensions ['ignore', 'ignore_ament_install']
[0.854s] Level 1:colcon.colcon_core.package_identification:_identify(src) by extension 'ignore'
[0.854s] Level 1:colcon.colcon_core.package_identification:_identify(src) by extension 'ignore_ament_install'
[0.854s] Level 1:colcon.colcon_core.package_identification:_identify(src) by extensions ['colcon_pkg']
[0.854s] Level 1:colcon.colcon_core.package_identification:_identify(src) by extension 'colcon_pkg'
[0.854s] Level 1:colcon.colcon_core.package_identification:_identify(src) by extensions ['colcon_meta']
[0.855s] Level 1:colcon.colcon_core.package_identification:_identify(src) by extension 'colcon_meta'
[0.855s] Level 1:colcon.colcon_core.package_identification:_identify(src) by extensions ['ros']
[0.855s] Level 1:colcon.colcon_core.package_identification:_identify(src) by extension 'ros'
[0.855s] Level 1:colcon.colcon_core.package_identification:_identify(src) by extensions ['cmake', 'python']
[0.855s] Level 1:colcon.colcon_core.package_identification:_identify(src) by extension 'cmake'
[0.855s] Level 1:colcon.colcon_core.package_identification:_identify(src) by extension 'python'
[0.855s] Level 1:colcon.colcon_core.package_identification:_identify(src) by extensions ['python_setup_py']
[0.855s] Level 1:colcon.colcon_core.package_identification:_identify(src) by extension 'python_setup_py'
[0.855s] Level 1:colcon.colcon_core.package_identification:_identify(src/cosine_curve) by extensions ['ignore', 'ignore_ament_install']
[0.855s] Level 1:colcon.colcon_core.package_identification:_identify(src/cosine_curve) by extension 'ignore'
[0.855s] Level 1:colcon.colcon_core.package_identification:_identify(src/cosine_curve) by extension 'ignore_ament_install'
[0.855s] Level 1:colcon.colcon_core.package_identification:_identify(src/cosine_curve) by extensions ['colcon_pkg']
[0.855s] Level 1:colcon.colcon_core.package_identification:_identify(src/cosine_curve) by extension 'colcon_pkg'
[0.855s] Level 1:colcon.colcon_core.package_identification:_identify(src/cosine_curve) by extensions ['colcon_meta']
[0.855s] Level 1:colcon.colcon_core.package_identification:_identify(src/cosine_curve) by extension 'colcon_meta'
[0.855s] Level 1:colcon.colcon_core.package_identification:_identify(src/cosine_curve) by extensions ['ros']
[0.855s] Level 1:colcon.colcon_core.package_identification:_identify(src/cosine_curve) by extension 'ros'
[0.856s] DEBUG:colcon.colcon_core.package_identification:Package 'src/cosine_curve' with type 'ros.ament_cmake' and name 'cosine_curve'
[0.856s] Level 1:colcon.colcon_core.package_discovery:discover_packages(recursive) using defaults
[0.856s] Level 1:colcon.colcon_core.package_discovery:discover_packages(ignore) discover
[0.856s] Level 1:colcon.colcon_core.package_discovery:discover_packages(ignore) using defaults
[0.856s] Level 1:colcon.colcon_core.package_discovery:discover_packages(path) discover
[0.856s] Level 1:colcon.colcon_core.package_discovery:discover_packages(path) using defaults
[0.931s] Level 1:colcon.colcon_core.package_discovery:discover_packages(prefix_path) check parameters
[0.931s] Level 1:colcon.colcon_core.package_discovery:discover_packages(prefix_path) discover
[0.958s] DEBUG:colcon.colcon_installed_package_information.package_discovery:Found 1 installed packages in /home/wjhln/Project/Learnning/Motion_Planning/CosineCurve/install
[0.972s] DEBUG:colcon.colcon_installed_package_information.package_discovery:Found 270 installed packages in /opt/ros/foxy
[0.977s] Level 1:colcon.colcon_core.package_discovery:discover_packages(prefix_path) using defaults
[1.036s] Level 5:colcon.colcon_core.verb:set package 'cosine_curve' build argument 'cmake_args' from command line to 'None'
[1.036s] Level 5:colcon.colcon_core.verb:set package 'cosine_curve' build argument 'cmake_target' from command line to 'None'
[1.036s] Level 5:colcon.colcon_core.verb:set package 'cosine_curve' build argument 'cmake_target_skip_unavailable' from command line to 'False'
[1.036s] Level 5:colcon.colcon_core.verb:set package 'cosine_curve' build argument 'cmake_clean_cache' from command line to 'False'
[1.036s] Level 5:colcon.colcon_core.verb:set package 'cosine_curve' build argument 'cmake_clean_first' from command line to 'False'
[1.036s] Level 5:colcon.colcon_core.verb:set package 'cosine_curve' build argument 'cmake_force_configure' from command line to 'False'
[1.036s] Level 5:colcon.colcon_core.verb:set package 'cosine_curve' build argument 'ament_cmake_args' from command line to 'None'
[1.036s] Level 5:colcon.colcon_core.verb:set package 'cosine_curve' build argument 'catkin_cmake_args' from command line to 'None'
[1.036s] Level 5:colcon.colcon_core.verb:set package 'cosine_curve' build argument 'catkin_skip_building_tests' from command line to 'False'
[1.036s] DEBUG:colcon.colcon_core.verb:Building package 'cosine_curve' with the following arguments: {'ament_cmake_args': None, 'build_base': '/home/wjhln/Project/Learnning/Motion_Planning/CosineCurve/build/cosine_curve', 'catkin_cmake_args': None, 'catkin_skip_building_tests': False, 'cmake_args': None, 'cmake_clean_cache': False, 'cmake_clean_first': False, 'cmake_force_configure': False, 'cmake_target': None, 'cmake_target_skip_unavailable': False, 'install_base': '/home/wjhln/Project/Learnning/Motion_Planning/CosineCurve/install/cosine_curve', 'merge_install': False, 'path': '/home/wjhln/Project/Learnning/Motion_Planning/CosineCurve/src/cosine_curve', 'symlink_install': False, 'test_result_base': None}
[1.050s] INFO:colcon.colcon_core.executor:Executing jobs using 'parallel' executor
[1.064s] DEBUG:colcon.colcon_parallel_executor.executor.parallel:run_until_complete
[1.064s] INFO:colcon.colcon_ros.task.ament_cmake.build:Building ROS package in '/home/wjhln/Project/Learnning/Motion_Planning/CosineCurve/src/cosine_curve' with build type 'ament_cmake'
[1.064s] INFO:colcon.colcon_cmake.task.cmake.build:Building CMake package in '/home/wjhln/Project/Learnning/Motion_Planning/CosineCurve/src/cosine_curve'
[1.078s] INFO:colcon.colcon_core.plugin_system:Skipping extension 'colcon_core.shell.bat': Not used on non-Windows systems
[1.078s] INFO:colcon.colcon_core.shell:Skip shell extension 'powershell' for command environment: Not usable outside of PowerShell
[1.078s] DEBUG:colcon.colcon_core.shell:Skip shell extension 'dsv' for command environment
[1.125s] DEBUG:colcon.colcon_core.event_handler.log_command:Invoking command in '/home/wjhln/Project/Learnning/Motion_Planning/CosineCurve/build/cosine_curve': CMAKE_PREFIX_PATH=${CMAKE_PREFIX_PATH}:/opt/ros/foxy /usr/local/bin/cmake --build /home/wjhln/Project/Learnning/Motion_Planning/CosineCurve/build/cosine_curve -- -j20 -l20
[1.901s] DEBUG:colcon.colcon_core.event_handler.log_command:Invoked command in '/home/wjhln/Project/Learnning/Motion_Planning/CosineCurve/build/cosine_curve' returned '0': CMAKE_PREFIX_PATH=${CMAKE_PREFIX_PATH}:/opt/ros/foxy /usr/local/bin/cmake --build /home/wjhln/Project/Learnning/Motion_Planning/CosineCurve/build/cosine_curve -- -j20 -l20
[1.912s] DEBUG:colcon.colcon_core.event_handler.log_command:Invoking command in '/home/wjhln/Project/Learnning/Motion_Planning/CosineCurve/build/cosine_curve': CMAKE_PREFIX_PATH=${CMAKE_PREFIX_PATH}:/opt/ros/foxy /usr/local/bin/cmake --install /home/wjhln/Project/Learnning/Motion_Planning/CosineCurve/build/cosine_curve
[1.914s] Level 1:colcon.colcon_core.environment:create_environment_scripts_only(cosine_curve)
[1.915s] DEBUG:colcon.colcon_core.event_handler.log_command:Invoked command in '/home/wjhln/Project/Learnning/Motion_Planning/CosineCurve/build/cosine_curve' returned '0': CMAKE_PREFIX_PATH=${CMAKE_PREFIX_PATH}:/opt/ros/foxy /usr/local/bin/cmake --install /home/wjhln/Project/Learnning/Motion_Planning/CosineCurve/build/cosine_curve
[1.933s] Level 1:colcon.colcon_core.environment:checking '/home/wjhln/Project/Learnning/Motion_Planning/CosineCurve/install/cosine_curve' for CMake module files
[1.933s] Level 1:colcon.colcon_core.environment:checking '/home/wjhln/Project/Learnning/Motion_Planning/CosineCurve/install/cosine_curve' for CMake config files
[1.933s] Level 1:colcon.colcon_core.shell:create_environment_hook('cosine_curve', 'cmake_prefix_path')
[1.947s] INFO:colcon.colcon_core.shell:Creating environment hook '/home/wjhln/Project/Learnning/Motion_Planning/CosineCurve/install/cosine_curve/share/cosine_curve/hook/cmake_prefix_path.ps1'
[1.947s] INFO:colcon.colcon_core.shell:Creating environment descriptor '/home/wjhln/Project/Learnning/Motion_Planning/CosineCurve/install/cosine_curve/share/cosine_curve/hook/cmake_prefix_path.dsv'
[1.947s] INFO:colcon.colcon_core.shell:Creating environment hook '/home/wjhln/Project/Learnning/Motion_Planning/CosineCurve/install/cosine_curve/share/cosine_curve/hook/cmake_prefix_path.sh'
[1.948s] Level 1:colcon.colcon_core.environment:checking '/home/wjhln/Project/Learnning/Motion_Planning/CosineCurve/install/cosine_curve/lib'
[1.948s] Level 1:colcon.colcon_core.environment:checking '/home/wjhln/Project/Learnning/Motion_Planning/CosineCurve/install/cosine_curve/bin'
[1.948s] Level 1:colcon.colcon_core.environment:checking '/home/wjhln/Project/Learnning/Motion_Planning/CosineCurve/install/cosine_curve/lib/pkgconfig/cosine_curve.pc'
[1.948s] Level 1:colcon.colcon_core.environment:checking '/home/wjhln/Project/Learnning/Motion_Planning/CosineCurve/install/cosine_curve/lib/python3.8/site-packages'
[1.948s] Level 1:colcon.colcon_core.environment:checking '/home/wjhln/Project/Learnning/Motion_Planning/CosineCurve/install/cosine_curve/bin'
[1.962s] INFO:colcon.colcon_core.shell:Creating package script '/home/wjhln/Project/Learnning/Motion_Planning/CosineCurve/install/cosine_curve/share/cosine_curve/package.ps1'
[1.962s] INFO:colcon.colcon_core.shell:Creating package descriptor '/home/wjhln/Project/Learnning/Motion_Planning/CosineCurve/install/cosine_curve/share/cosine_curve/package.dsv'
[1.963s] INFO:colcon.colcon_core.shell:Creating package script '/home/wjhln/Project/Learnning/Motion_Planning/CosineCurve/install/cosine_curve/share/cosine_curve/package.sh'
[1.963s] INFO:colcon.colcon_core.shell:Creating package script '/home/wjhln/Project/Learnning/Motion_Planning/CosineCurve/install/cosine_curve/share/cosine_curve/package.bash'
[1.963s] INFO:colcon.colcon_core.shell:Creating package script '/home/wjhln/Project/Learnning/Motion_Planning/CosineCurve/install/cosine_curve/share/cosine_curve/package.zsh'
[1.964s] Level 1:colcon.colcon_core.environment:create_file_with_runtime_dependencies(/home/wjhln/Project/Learnning/Motion_Planning/CosineCurve/install/cosine_curve/share/colcon-core/packages/cosine_curve)
[1.987s] Level 1:colcon.colcon_core.environment:create_environment_scripts_only(cosine_curve)
[2.001s] Level 1:colcon.colcon_core.environment:checking '/home/wjhln/Project/Learnning/Motion_Planning/CosineCurve/install/cosine_curve' for CMake module files
[2.001s] Level 1:colcon.colcon_core.environment:checking '/home/wjhln/Project/Learnning/Motion_Planning/CosineCurve/install/cosine_curve' for CMake config files
[2.001s] Level 1:colcon.colcon_core.shell:create_environment_hook('cosine_curve', 'cmake_prefix_path')
[2.022s] INFO:colcon.colcon_core.shell:Creating environment hook '/home/wjhln/Project/Learnning/Motion_Planning/CosineCurve/install/cosine_curve/share/cosine_curve/hook/cmake_prefix_path.ps1'
[2.022s] INFO:colcon.colcon_core.shell:Creating environment descriptor '/home/wjhln/Project/Learnning/Motion_Planning/CosineCurve/install/cosine_curve/share/cosine_curve/hook/cmake_prefix_path.dsv'
[2.022s] INFO:colcon.colcon_core.shell:Creating environment hook '/home/wjhln/Project/Learnning/Motion_Planning/CosineCurve/install/cosine_curve/share/cosine_curve/hook/cmake_prefix_path.sh'
[2.023s] Level 1:colcon.colcon_core.environment:checking '/home/wjhln/Project/Learnning/Motion_Planning/CosineCurve/install/cosine_curve/lib'
[2.023s] Level 1:colcon.colcon_core.environment:checking '/home/wjhln/Project/Learnning/Motion_Planning/CosineCurve/install/cosine_curve/bin'
[2.023s] Level 1:colcon.colcon_core.environment:checking '/home/wjhln/Project/Learnning/Motion_Planning/CosineCurve/install/cosine_curve/lib/pkgconfig/cosine_curve.pc'
[2.023s] Level 1:colcon.colcon_core.environment:checking '/home/wjhln/Project/Learnning/Motion_Planning/CosineCurve/install/cosine_curve/lib/python3.8/site-packages'
[2.023s] Level 1:colcon.colcon_core.environment:checking '/home/wjhln/Project/Learnning/Motion_Planning/CosineCurve/install/cosine_curve/bin'
[2.037s] INFO:colcon.colcon_core.shell:Creating package script '/home/wjhln/Project/Learnning/Motion_Planning/CosineCurve/install/cosine_curve/share/cosine_curve/package.ps1'
[2.037s] INFO:colcon.colcon_core.shell:Creating package descriptor '/home/wjhln/Project/Learnning/Motion_Planning/CosineCurve/install/cosine_curve/share/cosine_curve/package.dsv'
[2.037s] INFO:colcon.colcon_core.shell:Creating package script '/home/wjhln/Project/Learnning/Motion_Planning/CosineCurve/install/cosine_curve/share/cosine_curve/package.sh'
[2.037s] INFO:colcon.colcon_core.shell:Creating package script '/home/wjhln/Project/Learnning/Motion_Planning/CosineCurve/install/cosine_curve/share/cosine_curve/package.bash'
[2.038s] INFO:colcon.colcon_core.shell:Creating package script '/home/wjhln/Project/Learnning/Motion_Planning/CosineCurve/install/cosine_curve/share/cosine_curve/package.zsh'
[2.038s] Level 1:colcon.colcon_core.environment:create_file_with_runtime_dependencies(/home/wjhln/Project/Learnning/Motion_Planning/CosineCurve/install/cosine_curve/share/colcon-core/packages/cosine_curve)
[2.038s] DEBUG:colcon.colcon_parallel_executor.executor.parallel:closing loop
[2.038s] DEBUG:colcon.colcon_parallel_executor.executor.parallel:loop closed
[2.038s] DEBUG:colcon.colcon_parallel_executor.executor.parallel:run_until_complete finished with '0'
[2.038s] DEBUG:colcon.colcon_core.event_reactor:joining thread
[2.055s] INFO:colcon.colcon_core.plugin_system:Skipping extension 'colcon_notification.desktop_notification.terminal_notifier': Not used on non-Darwin systems
[2.055s] INFO:colcon.colcon_core.plugin_system:Skipping extension 'colcon_notification.desktop_notification.win32': Not used on non-Windows systems
[2.055s] INFO:colcon.colcon_notification.desktop_notification:Sending desktop notification using 'notify2'
[2.063s] DEBUG:colcon.colcon_core.event_reactor:joined thread
[2.078s] INFO:colcon.colcon_core.shell:Creating prefix script '/home/wjhln/Project/Learnning/Motion_Planning/CosineCurve/install/local_setup.ps1'
[2.078s] INFO:colcon.colcon_core.shell:Creating prefix util module '/home/wjhln/Project/Learnning/Motion_Planning/CosineCurve/install/_local_setup_util_ps1.py'
[2.079s] INFO:colcon.colcon_core.shell:Creating prefix chain script '/home/wjhln/Project/Learnning/Motion_Planning/CosineCurve/install/setup.ps1'
[2.093s] INFO:colcon.colcon_core.shell:Creating prefix script '/home/wjhln/Project/Learnning/Motion_Planning/CosineCurve/install/local_setup.sh'
[2.094s] INFO:colcon.colcon_core.shell:Creating prefix util module '/home/wjhln/Project/Learnning/Motion_Planning/CosineCurve/install/_local_setup_util_sh.py'
[2.094s] INFO:colcon.colcon_core.shell:Creating prefix chain script '/home/wjhln/Project/Learnning/Motion_Planning/CosineCurve/install/setup.sh'
[2.108s] INFO:colcon.colcon_core.shell:Creating prefix script '/home/wjhln/Project/Learnning/Motion_Planning/CosineCurve/install/local_setup.bash'
[2.108s] INFO:colcon.colcon_core.shell:Creating prefix chain script '/home/wjhln/Project/Learnning/Motion_Planning/CosineCurve/install/setup.bash'
[2.123s] INFO:colcon.colcon_core.shell:Creating prefix script '/home/wjhln/Project/Learnning/Motion_Planning/CosineCurve/install/local_setup.zsh'
[2.123s] INFO:colcon.colcon_core.shell:Creating prefix chain script '/home/wjhln/Project/Learnning/Motion_Planning/CosineCurve/install/setup.zsh'
