[0.061s] Invoking command in '/home/wjhln/Project/Learnning/Motion_Planning/CosineCurve/build/cosine_curve': CMAKE_PREFIX_PATH=${CMAKE_PREFIX_PATH}:/opt/ros/foxy /usr/local/bin/cmake /home/wjhln/Project/Learnning/Motion_Planning/CosineCurve/src/cosine_curve -DCMAKE_INSTALL_PREFIX=/home/wjhln/Project/Learnning/Motion_Planning/CosineCurve/install/cosine_curve
[0.121s] -- The C compiler identification is GNU 9.4.0
[0.159s] -- The CXX compiler identification is GNU 9.4.0
[0.162s] -- Detecting C compiler ABI info
[0.215s] -- Detecting C compiler ABI info - done
[0.219s] -- Check for working C compiler: /usr/bin/cc - skipped
[0.220s] -- Detecting C compile features
[0.220s] -- Detecting C compile features - done
[0.222s] -- Detecting CXX compiler ABI info
[0.254s] -- Detecting CXX compiler ABI info - done
[0.258s] -- Check for working CXX compiler: /usr/bin/c++ - skipped
[0.258s] -- Detecting CXX compile features
[0.259s] -- Detecting CXX compile features - done
[0.260s] -- Found ament_cmake: 0.9.12 (/opt/ros/foxy/share/ament_cmake/cmake)
[0.272s] -- Found PythonInterp: /usr/bin/python3 (found suitable version "3.8.10", minimum required is "3") 
[0.272s] -- Using PYTHON_EXECUTABLE: /usr/bin/python3
[0.369s] -- Found rclcpp: 2.4.3 (/opt/ros/foxy/share/rclcpp/cmake)
[0.388s] -- Using all available rosidl_typesupport_c: rosidl_typesupport_fastrtps_c;rosidl_typesupport_introspection_c
[0.391s] -- Found rosidl_adapter: 1.3.1 (/opt/ros/foxy/share/rosidl_adapter/cmake)
[0.424s] -- Found OpenSSL: /usr/lib/x86_64-linux-gnu/libcrypto.so (found version "1.1.1f")  
[0.439s] -- Found FastRTPS: /opt/ros/foxy/include  
[0.474s] -- Using all available rosidl_typesupport_cpp: rosidl_typesupport_fastrtps_cpp;rosidl_typesupport_introspection_cpp
[0.497s] -- Found rmw_implementation_cmake: 1.0.4 (/opt/ros/foxy/share/rmw_implementation_cmake/cmake)
[0.497s] -- Using RMW implementation 'rmw_fastrtps_cpp' as default
[0.498s] -- Looking for pthread.h
[0.526s] -- Looking for pthread.h - found
[0.526s] -- Performing Test CMAKE_HAVE_LIBC_PTHREAD
[0.554s] -- Performing Test CMAKE_HAVE_LIBC_PTHREAD - Failed
[0.554s] -- Looking for pthread_create in pthreads
[0.576s] -- Looking for pthread_create in pthreads - not found
[0.576s] -- Looking for pthread_create in pthread
[0.604s] -- Looking for pthread_create in pthread - found
[0.605s] -- Found Threads: TRUE  
[0.669s] -- Found ament_lint_auto: 0.9.8 (/opt/ros/foxy/share/ament_lint_auto/cmake)
[0.716s] -- Added test 'copyright' to check source files copyright and LICENSE
[0.716s] -- Added test 'cppcheck' to perform static code analysis on C / C++ code
[0.716s] -- Configured cppcheck include dirs: $<BUILD_INTERFACE:/home/wjhln/Project/Learnning/Motion_Planning/CosineCurve/src/cosine_curve/include>
[0.716s] -- Configured cppcheck exclude dirs and/or files: 
[0.716s] -- Added test 'cpplint' to check C / C++ code against the Google style
[0.716s] -- Configured cpplint exclude dirs and/or files: 
[0.717s] -- Added test 'lint_cmake' to check CMake code style
[0.717s] -- Added test 'uncrustify' to check C / C++ code style
[0.717s] -- Configured uncrustify additional arguments: 
[0.717s] -- Added test 'xmllint' to check XML markup files
[0.718s] -- Configuring done
[0.722s] -- Generating done
[0.722s] -- Build files have been written to: /home/wjhln/Project/Learnning/Motion_Planning/CosineCurve/build/cosine_curve
[0.726s] Invoked command in '/home/wjhln/Project/Learnning/Motion_Planning/CosineCurve/build/cosine_curve' returned '0': CMAKE_PREFIX_PATH=${CMAKE_PREFIX_PATH}:/opt/ros/foxy /usr/local/bin/cmake /home/wjhln/Project/Learnning/Motion_Planning/CosineCurve/src/cosine_curve -DCMAKE_INSTALL_PREFIX=/home/wjhln/Project/Learnning/Motion_Planning/CosineCurve/install/cosine_curve
[0.727s] Invoking command in '/home/wjhln/Project/Learnning/Motion_Planning/CosineCurve/build/cosine_curve': CMAKE_PREFIX_PATH=${CMAKE_PREFIX_PATH}:/opt/ros/foxy /usr/local/bin/cmake --build /home/wjhln/Project/Learnning/Motion_Planning/CosineCurve/build/cosine_curve -- -j20 -l20
[0.741s] [ 33%] [32mBuilding CXX object CMakeFiles/des_publish.dir/src/cosine_curve_generate.cpp.o[0m
[0.741s] [ 66%] [32mBuilding CXX object CMakeFiles/des_publish.dir/src/des_publish.cpp.o[0m
[1.524s] [100%] [32m[1mLinking CXX executable des_publish[0m
[1.571s] [100%] Built target des_publish
[1.574s] Invoked command in '/home/wjhln/Project/Learnning/Motion_Planning/CosineCurve/build/cosine_curve' returned '0': CMAKE_PREFIX_PATH=${CMAKE_PREFIX_PATH}:/opt/ros/foxy /usr/local/bin/cmake --build /home/wjhln/Project/Learnning/Motion_Planning/CosineCurve/build/cosine_curve -- -j20 -l20
[1.587s] Invoking command in '/home/wjhln/Project/Learnning/Motion_Planning/CosineCurve/build/cosine_curve': CMAKE_PREFIX_PATH=${CMAKE_PREFIX_PATH}:/opt/ros/foxy /usr/local/bin/cmake --install /home/wjhln/Project/Learnning/Motion_Planning/CosineCurve/build/cosine_curve
[1.589s] -- Install configuration: ""
[1.590s] -- Installing: /home/wjhln/Project/Learnning/Motion_Planning/CosineCurve/install/cosine_curve/lib/cosine_curve/des_publish
[1.590s] -- Set runtime path of "/home/wjhln/Project/Learnning/Motion_Planning/CosineCurve/install/cosine_curve/lib/cosine_curve/des_publish" to ""
[1.590s] -- Installing: /home/wjhln/Project/Learnning/Motion_Planning/CosineCurve/install/cosine_curve/share/ament_index/resource_index/package_run_dependencies/cosine_curve
[1.590s] -- Installing: /home/wjhln/Project/Learnning/Motion_Planning/CosineCurve/install/cosine_curve/share/ament_index/resource_index/parent_prefix_path/cosine_curve
[1.590s] -- Installing: /home/wjhln/Project/Learnning/Motion_Planning/CosineCurve/install/cosine_curve/share/cosine_curve/environment/ament_prefix_path.sh
[1.590s] -- Installing: /home/wjhln/Project/Learnning/Motion_Planning/CosineCurve/install/cosine_curve/share/cosine_curve/environment/ament_prefix_path.dsv
[1.590s] -- Installing: /home/wjhln/Project/Learnning/Motion_Planning/CosineCurve/install/cosine_curve/share/cosine_curve/environment/path.sh
[1.591s] -- Installing: /home/wjhln/Project/Learnning/Motion_Planning/CosineCurve/install/cosine_curve/share/cosine_curve/environment/path.dsv
[1.591s] -- Installing: /home/wjhln/Project/Learnning/Motion_Planning/CosineCurve/install/cosine_curve/share/cosine_curve/local_setup.bash
[1.591s] -- Installing: /home/wjhln/Project/Learnning/Motion_Planning/CosineCurve/install/cosine_curve/share/cosine_curve/local_setup.sh
[1.591s] -- Installing: /home/wjhln/Project/Learnning/Motion_Planning/CosineCurve/install/cosine_curve/share/cosine_curve/local_setup.zsh
[1.591s] -- Installing: /home/wjhln/Project/Learnning/Motion_Planning/CosineCurve/install/cosine_curve/share/cosine_curve/local_setup.dsv
[1.591s] -- Installing: /home/wjhln/Project/Learnning/Motion_Planning/CosineCurve/install/cosine_curve/share/cosine_curve/package.dsv
[1.591s] -- Installing: /home/wjhln/Project/Learnning/Motion_Planning/CosineCurve/install/cosine_curve/share/ament_index/resource_index/packages/cosine_curve
[1.591s] -- Installing: /home/wjhln/Project/Learnning/Motion_Planning/CosineCurve/install/cosine_curve/share/cosine_curve/cmake/cosine_curveConfig.cmake
[1.591s] -- Installing: /home/wjhln/Project/Learnning/Motion_Planning/CosineCurve/install/cosine_curve/share/cosine_curve/cmake/cosine_curveConfig-version.cmake
[1.591s] -- Installing: /home/wjhln/Project/Learnning/Motion_Planning/CosineCurve/install/cosine_curve/share/cosine_curve/package.xml
[1.593s] Invoked command in '/home/wjhln/Project/Learnning/Motion_Planning/CosineCurve/build/cosine_curve' returned '0': CMAKE_PREFIX_PATH=${CMAKE_PREFIX_PATH}:/opt/ros/foxy /usr/local/bin/cmake --install /home/wjhln/Project/Learnning/Motion_Planning/CosineCurve/build/cosine_curve
