[35m[1mConsolidate compiler generated dependencies of target des_publish[0m
[ 33%] [32mBuilding CXX object CMakeFiles/des_publish.dir/src/cosine_curve_generate.cpp.o[0m
[ 66%] [32mBuilding CXX object CMakeFiles/des_publish.dir/src/des_publish.cpp.o[0m
[01m[K/home/wjhln/Project/Learnning/Motion_Planning/CosineCurve/src/cosine_curve/src/cosine_curve_generate.cpp:[m[K In constructor ‘[01m[KCosineCurvePublish::CosineCurvePublish(double, double, double, double)[m[K’:
[01m[K/home/wjhln/Project/Learnning/Motion_Planning/CosineCurve/src/cosine_curve/src/cosine_curve_generate.cpp:7:47:[m[K [01;35m[Kwarning: [m[Kunused parameter ‘[01m[Kpos_start[m[K’ [[01;35m[K-Wunused-parameter[m[K]
    7 | CosineCurvePublish::CosineCurvePublish([01;35m[Kdouble pos_start[m[K, double pos_end, double vel_max, double acc_max)
      |                                        [01;35m[K~~~~~~~^~~~~~~~~[m[K
[01m[K/home/wjhln/Project/Learnning/Motion_Planning/CosineCurve/src/cosine_curve/src/cosine_curve_generate.cpp:7:65:[m[K [01;35m[Kwarning: [m[Kunused parameter ‘[01m[Kpos_end[m[K’ [[01;35m[K-Wunused-parameter[m[K]
    7 | CosineCurvePublish::CosineCurvePublish(double pos_start, [01;35m[Kdouble pos_end[m[K, double vel_max, double acc_max)
      |                                                          [01;35m[K~~~~~~~^~~~~~~[m[K
[100%] [32m[1mLinking CXX executable des_publish[0m
[100%] Built target des_publish
-- Install configuration: ""
-- Installing: /home/wjhln/Project/Learnning/Motion_Planning/CosineCurve/install/cosine_curve/lib/cosine_curve/des_publish
-- Set runtime path of "/home/wjhln/Project/Learnning/Motion_Planning/CosineCurve/install/cosine_curve/lib/cosine_curve/des_publish" to ""
-- Up-to-date: /home/wjhln/Project/Learnning/Motion_Planning/CosineCurve/install/cosine_curve/share/ament_index/resource_index/package_run_dependencies/cosine_curve
-- Up-to-date: /home/wjhln/Project/Learnning/Motion_Planning/CosineCurve/install/cosine_curve/share/ament_index/resource_index/parent_prefix_path/cosine_curve
-- Up-to-date: /home/wjhln/Project/Learnning/Motion_Planning/CosineCurve/install/cosine_curve/share/cosine_curve/environment/ament_prefix_path.sh
-- Up-to-date: /home/wjhln/Project/Learnning/Motion_Planning/CosineCurve/install/cosine_curve/share/cosine_curve/environment/ament_prefix_path.dsv
-- Up-to-date: /home/wjhln/Project/Learnning/Motion_Planning/CosineCurve/install/cosine_curve/share/cosine_curve/environment/path.sh
-- Up-to-date: /home/wjhln/Project/Learnning/Motion_Planning/CosineCurve/install/cosine_curve/share/cosine_curve/environment/path.dsv
-- Up-to-date: /home/wjhln/Project/Learnning/Motion_Planning/CosineCurve/install/cosine_curve/share/cosine_curve/local_setup.bash
-- Up-to-date: /home/wjhln/Project/Learnning/Motion_Planning/CosineCurve/install/cosine_curve/share/cosine_curve/local_setup.sh
-- Up-to-date: /home/wjhln/Project/Learnning/Motion_Planning/CosineCurve/install/cosine_curve/share/cosine_curve/local_setup.zsh
-- Up-to-date: /home/wjhln/Project/Learnning/Motion_Planning/CosineCurve/install/cosine_curve/share/cosine_curve/local_setup.dsv
-- Installing: /home/wjhln/Project/Learnning/Motion_Planning/CosineCurve/install/cosine_curve/share/cosine_curve/package.dsv
-- Up-to-date: /home/wjhln/Project/Learnning/Motion_Planning/CosineCurve/install/cosine_curve/share/ament_index/resource_index/packages/cosine_curve
-- Up-to-date: /home/wjhln/Project/Learnning/Motion_Planning/CosineCurve/install/cosine_curve/share/cosine_curve/cmake/cosine_curveConfig.cmake
-- Up-to-date: /home/wjhln/Project/Learnning/Motion_Planning/CosineCurve/install/cosine_curve/share/cosine_curve/cmake/cosine_curveConfig-version.cmake
-- Up-to-date: /home/wjhln/Project/Learnning/Motion_Planning/CosineCurve/install/cosine_curve/share/cosine_curve/package.xml
